[31mCMake Error at /home/ethan/ros2_humble/install/rosidl_adapter/share/rosidl_adapter/cmake/rosidl_adapt_interfaces.cmake:59 (message):
  execute_process(/home/ethan/quadrupedal-sim/ros/venv/bin/python3 -m
  rosidl_adapter --package-name action_state --arguments-file
  /home/ethan/quadrupedal-sim/ros/build/action_state/rosidl_adapter__arguments__action_state.json
  --output-dir
  /home/ethan/quadrupedal-sim/ros/build/action_state/rosidl_adapter/action_state
  --output-file
  /home/ethan/quadrupedal-sim/ros/build/action_state/rosidl_adapter/action_state.idls)
  returned error code 1:

  AttributeError processing template 'action.idl.em'

  Traceback (most recent call last):

    File "/home/ethan/ros2_humble/install/rosidl_adapter/local/lib/python3.10/dist-packages/rosidl_adapter/resource/__init__.py", line 51, in evaluate_template
      em.BUFFERED_OPT: True,

  AttributeError: module 'em' has no attribute 'BUFFERED_OPT'

  

  During handling of the above exception, another exception occurred:

  

  Traceback (most recent call last):

    File "/usr/lib/python3.10/runpy.py", line 196, in _run_module_as_main
      return _run_code(code, main_globals, None,
    File "/usr/lib/python3.10/runpy.py", line 86, in _run_code
      exec(code, run_globals)
    File "/home/ethan/ros2_humble/install/rosidl_adapter/local/lib/python3.10/dist-packages/rosidl_adapter/__main__.py", line 19, in <module>
      sys.exit(main())
    File "/home/ethan/ros2_humble/install/rosidl_adapter/local/lib/python3.10/dist-packages/rosidl_adapter/main.py", line 53, in main
      abs_idl_file = convert_to_idl(
    File "/home/ethan/ros2_humble/install/rosidl_adapter/local/lib/python3.10/dist-packages/rosidl_adapter/__init__.py", line 29, in convert_to_idl
      return convert_action_to_idl(
    File "/home/ethan/ros2_humble/install/rosidl_adapter/local/lib/python3.10/dist-packages/rosidl_adapter/action/__init__.py", line 39, in convert_action_to_idl
      expand_template('action.idl.em', data, output_file, encoding='iso-8859-1')
    File "/home/ethan/ros2_humble/install/rosidl_adapter/local/lib/python3.10/dist-packages/rosidl_adapter/resource/__init__.py", line 23, in expand_template
      content = evaluate_template(template_name, data)
    File "/home/ethan/ros2_humble/install/rosidl_adapter/local/lib/python3.10/dist-packages/rosidl_adapter/resource/__init__.py", line 69, in evaluate_template
      _interpreter.shutdown()

  AttributeError: 'NoneType' object has no attribute 'shutdown'

Call Stack (most recent call first):
  /home/ethan/ros2_humble/install/rosidl_cmake/share/rosidl_cmake/cmake/rosidl_generate_interfaces.cmake:130 (rosidl_adapt_interfaces)
  CMakeLists.txt:16 (rosidl_generate_interfaces)

[0m
