[1m============================= test session starts ==============================[0m
platform linux -- Python 3.10.12, pytest-6.2.5, py-1.10.0, pluggy-0.13.0
cachedir: /home/ethan/quadrupedal-sim/ros/build/model/.pytest_cache
rootdir: /home/ethan/quadrupedal-sim/ros/src/model
plugins: launch-testing-ros-0.19.7, launch-pytest-1.0.6, launch-testing-1.0.6, ament-xmllint-0.12.11, ament-pep257-0.12.11, ament-mypy-0.12.11, ament-flake8-0.12.11, ament-copyright-0.12.11, ament-lint-0.12.11, cov-3.0.0, mock-3.6.1, timeout-2.1.0, rerunfailures-10.2, repeat-0.9.1, colcon-core-0.16.1
[1mcollecting ... [0m[1m
collected 3 items                                                              [0m

test/test_copyright.py [33ms[0m[32m                                                 [ 33%][0m
test/test_flake8.py [31mF[0m[31m                                                    [ 66%][0m
test/test_pep257.py [31mF[0m[31m                                                    [100%][0m

=================================== FAILURES ===================================
[31m[1m_________________________________ test_flake8 __________________________________[0m
[1m[31mtest/test_flake8.py[0m:23: in test_flake8
    [94massert[39;49;00m rc == [94m0[39;49;00m, \
[1m[31mE   AssertionError: Found 6 code style errors / warnings:[0m
[1m[31mE     ./model/actor.py:1:1: F401 'numpy as np' imported but unused[0m
[1m[31mE     ./model/actor.py:6:1: E302 expected 2 blank lines, found 1[0m
[1m[31mE     ./model/actor.py:7:1: D200 One-line docstring should fit on one line with quotes[0m
[1m[31mE     ./model/actor.py:7:1: D204 1 blank line required after class docstring[0m
[1m[31mE     ./model/actor.py:18:1: W293 blank line contains whitespace[0m
[1m[31mE     ./model/actor.py:32:20: W292 no newline at end of file[0m
[1m[31mE   assert 1 == 0[0m
----------------------------- Captured stdout call -----------------------------

./model/actor.py:1:1: F401 'numpy as np' imported but unused
import numpy as np
^

./model/actor.py:6:1: E302 expected 2 blank lines, found 1
class Actor(nn.Module):
^

./model/actor.py:7:1: D200 One-line docstring should fit on one line with quotes
    """
    Define multi-layer perceptron to deep learn and optimize policy.
    """
^

./model/actor.py:7:1: D204 1 blank line required after class docstring
    """
    Define multi-layer perceptron to deep learn and optimize policy.
    """
^

./model/actor.py:18:1: W293 blank line contains whitespace
    
^

./model/actor.py:32:20: W292 no newline at end of file
        return legs                   ^

1     D200 One-line docstring should fit on one line with quotes
1     D204 1 blank line required after class docstring
1     E302 expected 2 blank lines, found 1
1     F401 'numpy as np' imported but unused
1     W292 no newline at end of file
1     W293 blank line contains whitespace

7 files checked
6 errors

'D'-type errors: 2
'E'-type errors: 1
'F'-type errors: 1
'W'-type errors: 2

Checked files:

* ./setup.py
* ./test/test_flake8.py
* ./test/test_copyright.py
* ./test/test_pep257.py
* ./model/__init__.py
* ./model/actor.py
* ./model/model_action.py
----------------------------- Captured stderr call -----------------------------
option --max-complexity: please update from optparse string `type=` to argparse callable `type=` -- this will be an error in the future
option --application-import-names: please update from optparse string `type=` to argparse callable `type=` -- this will be an error in the future
option --application-package-names: please update from optparse string `type=` to argparse callable `type=` -- this will be an error in the future
option --import-order-style: please update from optparse string `type=` to argparse callable `type=` -- this will be an error in the future
option --quotes: please update from optparse string `type=` to argparse callable `type=` -- this will be an error in the future
option --inline-quotes: please update from optparse string `type=` to argparse callable `type=` -- this will be an error in the future
option --multiline-quotes: please update from optparse string `type=` to argparse callable `type=` -- this will be an error in the future
option --docstring-quotes: please update from optparse string `type=` to argparse callable `type=` -- this will be an error in the future
[31m[1m_________________________________ test_pep257 __________________________________[0m
[1m[31mtest/test_pep257.py[0m:23: in test_pep257
    [94massert[39;49;00m rc == [94m0[39;49;00m, [33m'[39;49;00m[33mFound code style errors / warnings[39;49;00m[33m'[39;49;00m
[1m[31mE   AssertionError: Found code style errors / warnings[0m
[1m[31mE   assert 1 == 0[0m
----------------------------- Captured stdout call -----------------------------
checking ./model/__init__.py
checking ./model/actor.py
./model/actor.py:7 in public class `Actor`: D200: One-line docstring should fit on one line with quotes (found 3)
./model/actor.py:7 in public class `Actor`: D204: 1 blank line required after class docstring (found 0)
checking ./model/model_action.py
checking ./setup.py
checking ./test/test_copyright.py
checking ./test/test_flake8.py
checking ./test/test_pep257.py
checking test/test_copyright.py
checking test/test_flake8.py
checking test/test_pep257.py
2 errors
-- generated xml file: /home/ethan/quadrupedal-sim/ros/build/model/pytest.xml --
=========================== short test summary info ============================
FAILED test/test_flake8.py::test_flake8 - AssertionError: Found 6 code style ...
FAILED test/test_pep257.py::test_pep257 - AssertionError: Found code style er...
[31m=================== [31m[1m2 failed[0m, [33m1 skipped[0m, [33m2 warnings[0m[31m in 0.41s[0m[31m ===================[0m
