Traceback (most recent call last):
  File "/home/ethan/ros2_humble/install/rosidl_generator_c/share/rosidl_generator_c/cmake/../../../lib/rosidl_generator_c/rosidl_generator_c", line 8, in <module>
    from rosidl_generator_c import generate_c
  File "/home/ethan/ros2_humble/install/rosidl_generator_c/local/lib/python3.10/dist-packages/rosidl_generator_c/__init__.py", line 15, in <module>
    from rosidl_cmake import convert_camel_case_to_lower_case_underscore
  File "/home/ethan/ros2_humble/install/rosidl_cmake/local/lib/python3.10/dist-packages/rosidl_cmake/__init__.py", line 24, in <module>
    from rosidl_parser.parser import parse_idl_file
  File "/home/ethan/ros2_humble/install/rosidl_parser/local/lib/python3.10/dist-packages/rosidl_parser/parser.py", line 20, in <module>
    from lark import Lark
ModuleNotFoundError: No module named 'lark'
gmake[2]: *** [CMakeFiles/action_state__rosidl_generator_c.dir/build.make:94: rosidl_generator_c/action_state/action/jointstate.h] Error 1
gmake[1]: *** [CMakeFiles/Makefile2:212: CMakeFiles/action_state__rosidl_generator_c.dir/all] Error 2
gmake[1]: *** Waiting for unfinished jobs....
Traceback (most recent call last):
  File "/home/ethan/ros2_humble/install/rosidl_generator_cpp/share/rosidl_generator_cpp/cmake/../../../lib/rosidl_generator_cpp/rosidl_generator_cpp", line 8, in <module>
    from rosidl_generator_cpp import generate_cpp
  File "/home/ethan/ros2_humble/install/rosidl_generator_cpp/local/lib/python3.10/dist-packages/rosidl_generator_cpp/__init__.py", line 17, in <module>
    from rosidl_cmake import generate_files
  File "/home/ethan/ros2_humble/install/rosidl_cmake/local/lib/python3.10/dist-packages/rosidl_cmake/__init__.py", line 24, in <module>
    from rosidl_parser.parser import parse_idl_file
  File "/home/ethan/ros2_humble/install/rosidl_parser/local/lib/python3.10/dist-packages/rosidl_parser/parser.py", line 20, in <module>
    from lark import Lark
ModuleNotFoundError: No module named 'lark'
gmake[2]: *** [CMakeFiles/action_state__cpp.dir/build.make:98: rosidl_generator_cpp/action_state/action/jointstate.hpp] Error 1
gmake[1]: *** [CMakeFiles/Makefile2:265: CMakeFiles/action_state__cpp.dir/all] Error 2
gmake: *** [Makefile:146: all] Error 2
